<?xml version="1.0" encoding="UTF-8"?>
<!-- Generated by org.testng.reporters.JUnitReportReporter -->
<testsuite skipped="1" hostname="DESKTOP-DGT7RT8" name="suite.IgnoreTest" tests="3" failures="0" timestamp="23 七月 2018 14:45:56 GMT" time="0.007" errors="0">
  <testcase name="ignore1" time="0.007" classname="suite.IgnoreTest"/>
  <testcase name="ingore3" time="0.000" classname="suite.IgnoreTest"/>
  <testcase name="ignore2" classname="suite.IgnoreTest">
    <skipped/>
  </testcase> <!-- ignore2 -->
</testsuite> <!-- suite.IgnoreTest -->
