<?xml version="1.0" encoding="UTF-8"?>
<!-- Generated by org.testng.reporters.JUnitReportReporter -->
<testsuite skipped="0" hostname="DESKTOP-DGT7RT8" name="group.GroupsOnClass3" tests="1" failures="0" timestamp="28 七月 2018 13:05:21 GMT" time="0.001" errors="0">
  <testcase name="teacher1" time="0.001" classname="group.GroupsOnClass3"/>
</testsuite> <!-- group.GroupsOnClass3 -->
