<?xml version="1.0" encoding="UTF-8"?>
<!-- Generated by org.testng.reporters.JUnitReportReporter -->
<testsuite skipped="0" hostname="DESKTOP-DGT7RT8" name="group.GroupsOnClass2" tests="4" failures="0" timestamp="28 七月 2018 13:05:21 GMT" time="0.003" errors="0">
  <testcase name="stu2" time="0.001" classname="group.GroupsOnClass2"/>
  <testcase name="stu2" time="0.001" classname="group.GroupsOnClass2"/>
  <testcase name="stu1" time="0.000" classname="group.GroupsOnClass2"/>
  <testcase name="stu1" time="0.001" classname="group.GroupsOnClass2"/>
</testsuite> <!-- group.GroupsOnClass2 -->
