<?xml version="1.0" encoding="UTF-8"?>
<!-- Generated by org.testng.reporters.JUnitReportReporter -->
<testsuite skipped="0" hostname="DESKTOP-DGT7RT8" name="group.GroupsOnClass1" tests="4" failures="0" timestamp="28 七月 2018 13:05:21 GMT" time="0.010" errors="0">
  <testcase name="stu2" time="0.001" classname="group.GroupsOnClass1"/>
  <testcase name="stu1" time="0.007" classname="group.GroupsOnClass1"/>
  <testcase name="stu2" time="0.001" classname="group.GroupsOnClass1"/>
  <testcase name="stu1" time="0.001" classname="group.GroupsOnClass1"/>
</testsuite> <!-- group.GroupsOnClass1 -->
