<?xml version="1.0" encoding="UTF-8"?>
<!-- Generated by org.testng.reporters.JUnitReportReporter -->
<testsuite skipped="0" hostname="DESKTOP-DGT7RT8" name="com.course.testng.BasicAnnotation" tests="1" failures="0" timestamp="23 七月 2018 14:10:11 GMT" time="0.007" errors="0">
  <testcase name="testCase1" time="0.007" classname="com.course.testng.BasicAnnotation"/>
</testsuite> <!-- com.course.testng.BasicAnnotation -->
