<?xml version="1.0" encoding="UTF-8"?>
<!-- Generated by org.testng.reporters.JUnitReportReporter -->
<testsuite skipped="0" hostname="DESKTOP-DGT7RT8" name="group.GroupsOnMethhod" tests="4" failures="0" timestamp="28 七月 2018 12:48:33 GMT" time="0.007" errors="0">
  <testcase name="test3" time="0.001" classname="group.GroupsOnMethhod"/>
  <testcase name="test2" time="0.001" classname="group.GroupsOnMethhod"/>
  <testcase name="test4" time="0.001" classname="group.GroupsOnMethhod"/>
  <testcase name="test1" time="0.004" classname="group.GroupsOnMethhod"/>
</testsuite> <!-- group.GroupsOnMethhod -->
